\BOOKMARK [0][-]{chapter.1}{\376\377\0001\000\040\000M\000o\000d\000u\000l\000e\000\040\000I\000n\000d\000e\000x}{}% 1
\BOOKMARK [1][-]{section.1.1}{\376\377\0001\000.\0001\000\040\000M\000o\000d\000u\000l\000e\000s}{chapter.1}% 2
\BOOKMARK [0][-]{chapter.2}{\376\377\0002\000\040\000C\000l\000a\000s\000s\000\040\000I\000n\000d\000e\000x}{}% 3
\BOOKMARK [1][-]{section.2.1}{\376\377\0002\000.\0001\000\040\000C\000l\000a\000s\000s\000\040\000L\000i\000s\000t}{chapter.2}% 4
\BOOKMARK [0][-]{chapter.3}{\376\377\0003\000\040\000M\000o\000d\000u\000l\000e\000\040\000D\000o\000c\000u\000m\000e\000n\000t\000a\000t\000i\000o\000n}{}% 5
\BOOKMARK [1][-]{section.3.1}{\376\377\0003\000.\0001\000\040\000A\000P\000I}{chapter.3}% 6
\BOOKMARK [2][-]{subsection.3.1.1}{\376\377\0003\000.\0001\000.\0001\000\040\000D\000e\000t\000a\000i\000l\000e\000d\000\040\000D\000e\000s\000c\000r\000i\000p\000t\000i\000o\000n}{section.3.1}% 7
\BOOKMARK [2][-]{subsection.3.1.2}{\376\377\0003\000.\0001\000.\0002\000\040\000F\000u\000n\000c\000t\000i\000o\000n\000\040\000D\000o\000c\000u\000m\000e\000n\000t\000a\000t\000i\000o\000n}{section.3.1}% 8
\BOOKMARK [3][-]{subsubsection.3.1.2.1}{\376\377\0003\000.\0001\000.\0002\000.\0001\000\040\000l\000l\000c\000l\000o\000s\000e\000\050\000\051}{subsection.3.1.2}% 9
\BOOKMARK [3][-]{subsubsection.3.1.2.2}{\376\377\0003\000.\0001\000.\0002\000.\0002\000\040\000l\000l\000o\000p\000e\000n\000\050\000\051}{subsection.3.1.2}% 10
\BOOKMARK [3][-]{subsubsection.3.1.2.3}{\376\377\0003\000.\0001\000.\0002\000.\0003\000\040\000l\000l\000r\000e\000a\000d\000\050\000\051}{subsection.3.1.2}% 11
\BOOKMARK [3][-]{subsubsection.3.1.2.4}{\376\377\0003\000.\0001\000.\0002\000.\0004\000\040\000l\000l\000w\000r\000i\000t\000e\000\050\000\051}{subsection.3.1.2}% 12
\BOOKMARK [1][-]{section.3.2}{\376\377\0003\000.\0002\000\040\000a\000p\000p\000l\000i\000c\000a\000t\000i\000o\000n}{chapter.3}% 13
\BOOKMARK [2][-]{subsection.3.2.1}{\376\377\0003\000.\0002\000.\0001\000\040\000D\000e\000t\000a\000i\000l\000e\000d\000\040\000D\000e\000s\000c\000r\000i\000p\000t\000i\000o\000n}{section.3.2}% 14
\BOOKMARK [2][-]{subsection.3.2.2}{\376\377\0003\000.\0002\000.\0002\000\040\000F\000u\000n\000c\000t\000i\000o\000n\000\040\000D\000o\000c\000u\000m\000e\000n\000t\000a\000t\000i\000o\000n}{section.3.2}% 15
\BOOKMARK [3][-]{subsubsection.3.2.2.1}{\376\377\0003\000.\0002\000.\0002\000.\0001\000\040\000b\000u\000i\000l\000d\000\137\000c\000o\000n\000t\000r\000o\000l\000\137\000p\000a\000c\000k\000a\000g\000e\000\050\000\051}{subsection.3.2.2}% 16
\BOOKMARK [3][-]{subsubsection.3.2.2.2}{\376\377\0003\000.\0002\000.\0002\000.\0002\000\040\000b\000u\000i\000l\000d\000\137\000d\000a\000t\000a\000\137\000p\000a\000c\000k\000a\000g\000e\000\050\000\051}{subsection.3.2.2}% 17
\BOOKMARK [3][-]{subsubsection.3.2.2.3}{\376\377\0003\000.\0002\000.\0002\000.\0003\000\040\000p\000r\000o\000c\000e\000s\000s\000\137\000c\000o\000n\000t\000r\000o\000l\000\137\000p\000a\000c\000k\000a\000g\000e\000\050\000\051}{subsection.3.2.2}% 18
\BOOKMARK [3][-]{subsubsection.3.2.2.4}{\376\377\0003\000.\0002\000.\0002\000.\0004\000\040\000p\000r\000o\000c\000e\000s\000s\000\137\000d\000a\000t\000a\000\137\000p\000a\000c\000k\000a\000g\000e\000\050\000\051}{subsection.3.2.2}% 19
\BOOKMARK [1][-]{section.3.3}{\376\377\0003\000.\0003\000\040\000p\000r\000o\000t\000o\000c\000o\000l}{chapter.3}% 20
\BOOKMARK [2][-]{subsection.3.3.1}{\376\377\0003\000.\0003\000.\0001\000\040\000D\000e\000t\000a\000i\000l\000e\000d\000\040\000D\000e\000s\000c\000r\000i\000p\000t\000i\000o\000n}{section.3.3}% 21
\BOOKMARK [2][-]{subsection.3.3.2}{\376\377\0003\000.\0003\000.\0002\000\040\000F\000u\000n\000c\000t\000i\000o\000n\000\040\000D\000o\000c\000u\000m\000e\000n\000t\000a\000t\000i\000o\000n}{section.3.3}% 22
\BOOKMARK [3][-]{subsubsection.3.3.2.1}{\376\377\0003\000.\0003\000.\0002\000.\0001\000\040\000a\000d\000d\000\137\000d\000a\000t\000a\000\137\000t\000o\000\137\000f\000r\000a\000m\000e\000\050\000\051}{subsection.3.3.2}% 23
\BOOKMARK [3][-]{subsubsection.3.3.2.2}{\376\377\0003\000.\0003\000.\0002\000.\0002\000\040\000a\000d\000d\000E\000r\000r\000o\000r\000s\000\050\000\051}{subsection.3.3.2}% 24
\BOOKMARK [3][-]{subsubsection.3.3.2.3}{\376\377\0003\000.\0003\000.\0002\000.\0003\000\040\000a\000n\000s\000w\000e\000r\000\137\000c\000o\000n\000f\000i\000r\000m\000a\000t\000i\000o\000n\000\050\000\051}{subsection.3.3.2}% 25
\BOOKMARK [3][-]{subsubsection.3.3.2.4}{\376\377\0003\000.\0003\000.\0002\000.\0004\000\040\000b\000u\000i\000l\000d\000\137\000h\000e\000a\000d\000e\000r\000\050\000\051}{subsection.3.3.2}% 26
\BOOKMARK [3][-]{subsubsection.3.3.2.5}{\376\377\0003\000.\0003\000.\0002\000.\0005\000\040\000c\000h\000a\000n\000g\000e\000\137\000s\000e\000q\000u\000e\000n\000c\000e\000\137\000n\000u\000m\000b\000e\000r\000\050\000\051}{subsection.3.3.2}% 27
\BOOKMARK [3][-]{subsubsection.3.3.2.6}{\376\377\0003\000.\0003\000.\0002\000.\0006\000\040\000d\000e\000s\000t\000u\000f\000f\000i\000n\000g\000\137\000m\000e\000s\000s\000a\000g\000e\000\050\000\051}{subsection.3.3.2}% 28
\BOOKMARK [3][-]{subsubsection.3.3.2.7}{\376\377\0003\000.\0003\000.\0002\000.\0007\000\040\000g\000e\000t\000\137\000s\000e\000q\000u\000e\000n\000c\000e\000\137\000a\000n\000s\000w\000e\000r\000\050\000\051}{subsection.3.3.2}% 29
\BOOKMARK [3][-]{subsubsection.3.3.2.8}{\376\377\0003\000.\0003\000.\0002\000.\0008\000\040\000g\000e\000t\000\137\000s\000e\000q\000u\000e\000n\000c\000e\000\137\000n\000u\000m\000b\000e\000r\000\050\000\051}{subsection.3.3.2}% 30
\BOOKMARK [3][-]{subsubsection.3.3.2.9}{\376\377\0003\000.\0003\000.\0002\000.\0009\000\040\000r\000e\000c\000e\000i\000v\000e\000\137\000a\000n\000s\000w\000e\000r\000\050\000\051}{subsection.3.3.2}% 31
\BOOKMARK [3][-]{subsubsection.3.3.2.10}{\376\377\0003\000.\0003\000.\0002\000.\0001\0000\000\040\000r\000e\000c\000e\000i\000v\000e\000\137\000m\000e\000s\000s\000a\000g\000e\000\050\000\051}{subsection.3.3.2}% 32
\BOOKMARK [3][-]{subsubsection.3.3.2.11}{\376\377\0003\000.\0003\000.\0002\000.\0001\0001\000\040\000r\000e\000c\000e\000i\000v\000e\000\137\000m\000e\000s\000s\000a\000g\000e\000\137\000d\000a\000t\000a\000\050\000\051}{subsection.3.3.2}% 33
\BOOKMARK [3][-]{subsubsection.3.3.2.12}{\376\377\0003\000.\0003\000.\0002\000.\0001\0002\000\040\000s\000e\000n\000d\000\137\000a\000n\000s\000w\000e\000r\000\050\000\051}{subsection.3.3.2}% 34
\BOOKMARK [3][-]{subsubsection.3.3.2.13}{\376\377\0003\000.\0003\000.\0002\000.\0001\0003\000\040\000s\000e\000n\000d\000\137\000m\000e\000s\000s\000a\000g\000e\000\050\000\051}{subsection.3.3.2}% 35
\BOOKMARK [3][-]{subsubsection.3.3.2.14}{\376\377\0003\000.\0003\000.\0002\000.\0001\0004\000\040\000s\000e\000n\000d\000\137\000m\000e\000s\000s\000a\000g\000e\000\137\000d\000a\000t\000a\000\050\000\051}{subsection.3.3.2}% 36
\BOOKMARK [3][-]{subsubsection.3.3.2.15}{\376\377\0003\000.\0003\000.\0002\000.\0001\0005\000\040\000s\000e\000n\000d\000\137\000t\000i\000m\000e\000d\000\137\000d\000a\000t\000a\000\137\000g\000e\000t\000\137\000a\000n\000s\000w\000e\000r\000\050\000\051}{subsection.3.3.2}% 37
\BOOKMARK [3][-]{subsubsection.3.3.2.16}{\376\377\0003\000.\0003\000.\0002\000.\0001\0006\000\040\000s\000e\000n\000d\000\137\000t\000i\000m\000e\000d\000\137\000m\000e\000s\000s\000a\000g\000e\000\137\000g\000e\000t\000\137\000a\000n\000s\000w\000e\000r\000\050\000\051}{subsection.3.3.2}% 38
\BOOKMARK [3][-]{subsubsection.3.3.2.17}{\376\377\0003\000.\0003\000.\0002\000.\0001\0007\000\040\000s\000e\000r\000i\000a\000l\000\137\000p\000o\000r\000t\000\137\000c\000l\000o\000s\000e\000\050\000\051}{subsection.3.3.2}% 39
\BOOKMARK [3][-]{subsubsection.3.3.2.18}{\376\377\0003\000.\0003\000.\0002\000.\0001\0008\000\040\000s\000e\000r\000i\000a\000l\000\137\000p\000o\000r\000t\000\137\000c\000o\000n\000n\000e\000c\000t\000\050\000\051}{subsection.3.3.2}% 40
\BOOKMARK [3][-]{subsubsection.3.3.2.19}{\376\377\0003\000.\0003\000.\0002\000.\0001\0009\000\040\000s\000e\000r\000i\000a\000l\000\137\000p\000o\000r\000t\000\137\000e\000n\000d\000\137\000c\000o\000n\000n\000e\000c\000t\000i\000o\000n\000\050\000\051}{subsection.3.3.2}% 41
\BOOKMARK [3][-]{subsubsection.3.3.2.20}{\376\377\0003\000.\0003\000.\0002\000.\0002\0000\000\040\000s\000e\000r\000i\000a\000l\000\137\000p\000o\000r\000t\000\137\000s\000t\000a\000r\000t\000\050\000\051}{subsection.3.3.2}% 42
\BOOKMARK [3][-]{subsubsection.3.3.2.21}{\376\377\0003\000.\0003\000.\0002\000.\0002\0001\000\040\000s\000e\000r\000i\000a\000l\000\137\000p\000o\000r\000t\000\137\000w\000a\000i\000t\000\137\000c\000o\000n\000n\000e\000c\000t\000i\000o\000n\000\050\000\051}{subsection.3.3.2}% 43
\BOOKMARK [3][-]{subsubsection.3.3.2.22}{\376\377\0003\000.\0003\000.\0002\000.\0002\0002\000\040\000s\000e\000r\000i\000a\000l\000\137\000p\000o\000r\000t\000\137\000w\000a\000i\000t\000\137\000e\000n\000d\000\137\000c\000o\000n\000n\000e\000c\000t\000i\000o\000n\000\050\000\051}{subsection.3.3.2}% 44
\BOOKMARK [3][-]{subsubsection.3.3.2.23}{\376\377\0003\000.\0003\000.\0002\000.\0002\0003\000\040\000s\000e\000t\000\137\000s\000e\000q\000u\000e\000n\000c\000e\000\137\000n\000u\000m\000b\000e\000r\000\137\000r\000e\000j\000e\000c\000t\000e\000d\000\050\000\051}{subsection.3.3.2}% 45
\BOOKMARK [3][-]{subsubsection.3.3.2.24}{\376\377\0003\000.\0003\000.\0002\000.\0002\0004\000\040\000s\000t\000u\000f\000f\000i\000n\000g\000\137\000m\000e\000s\000s\000a\000g\000e\000\050\000\051}{subsection.3.3.2}% 46
\BOOKMARK [3][-]{subsubsection.3.3.2.25}{\376\377\0003\000.\0003\000.\0002\000.\0002\0005\000\040\000v\000a\000l\000i\000d\000a\000t\000e\000\137\000d\000a\000t\000a\000\050\000\051}{subsection.3.3.2}% 47
\BOOKMARK [3][-]{subsubsection.3.3.2.26}{\376\377\0003\000.\0003\000.\0002\000.\0002\0006\000\040\000v\000a\000l\000i\000d\000a\000t\000e\000\137\000h\000e\000a\000d\000e\000r\000\050\000\051}{subsection.3.3.2}% 48
\BOOKMARK [3][-]{subsubsection.3.3.2.27}{\376\377\0003\000.\0003\000.\0002\000.\0002\0007\000\040\000w\000a\000i\000t\000\137\000f\000o\000r\000\137\000m\000e\000s\000s\000a\000g\000e\000\050\000\051}{subsection.3.3.2}% 49
\BOOKMARK [1][-]{section.3.4}{\376\377\0003\000.\0004\000\040\000p\000r\000o\000t\000o\000c\000o\000l\000\137\000m\000a\000c\000r\000o\000s}{chapter.3}% 50
\BOOKMARK [2][-]{subsection.3.4.1}{\376\377\0003\000.\0004\000.\0001\000\040\000D\000e\000t\000a\000i\000l\000e\000d\000\040\000D\000e\000s\000c\000r\000i\000p\000t\000i\000o\000n}{section.3.4}% 51
\BOOKMARK [1][-]{section.3.5}{\376\377\0003\000.\0005\000\040\000s\000t\000a\000t\000e\000\137\000m\000a\000c\000h\000i\000n\000e}{chapter.3}% 52
\BOOKMARK [2][-]{subsection.3.5.1}{\376\377\0003\000.\0005\000.\0001\000\040\000D\000e\000t\000a\000i\000l\000e\000d\000\040\000D\000e\000s\000c\000r\000i\000p\000t\000i\000o\000n}{section.3.5}% 53
\BOOKMARK [2][-]{subsection.3.5.2}{\376\377\0003\000.\0005\000.\0002\000\040\000F\000u\000n\000c\000t\000i\000o\000n\000\040\000D\000o\000c\000u\000m\000e\000n\000t\000a\000t\000i\000o\000n}{section.3.5}% 54
\BOOKMARK [3][-]{subsubsection.3.5.2.1}{\376\377\0003\000.\0005\000.\0002\000.\0001\000\040\000p\000r\000o\000c\000e\000s\000s\000\137\000s\000t\000a\000t\000e\000\050\000\051}{subsection.3.5.2}% 55
\BOOKMARK [0][-]{chapter.4}{\376\377\0004\000\040\000C\000l\000a\000s\000s\000\040\000D\000o\000c\000u\000m\000e\000n\000t\000a\000t\000i\000o\000n}{}% 56
\BOOKMARK [1][-]{section.4.1}{\376\377\0004\000.\0001\000\040\000a\000p\000p\000l\000i\000c\000a\000t\000i\000o\000n\000\137\000l\000a\000y\000e\000r\000\040\000S\000t\000r\000u\000c\000t\000\040\000R\000e\000f\000e\000r\000e\000n\000c\000e}{chapter.4}% 57
\BOOKMARK [1][-]{section.4.2}{\376\377\0004\000.\0002\000\040\000l\000i\000n\000k\000\137\000l\000a\000y\000e\000r\000\040\000S\000t\000r\000u\000c\000t\000\040\000R\000e\000f\000e\000r\000e\000n\000c\000e}{chapter.4}% 58
\BOOKMARK [0][-]{section*.12}{\376\377\000I\000n\000d\000e\000x}{}% 59
